<?xml version="1.0" encoding="UTF-8"?>
<testng-results ignored="0" total="3" passed="3" failed="0" skipped="0">
  <reporter-output>
  </reporter-output>
  <suite started-at="2022-07-25T12:47:25 IST" name="Suite" finished-at="2022-07-25T12:48:11 IST" duration-ms="46561">
    <groups>
    </groups>
    <test started-at="2022-07-25T12:47:25 IST" name="Test" finished-at="2022-07-25T12:48:11 IST" duration-ms="46561">
      <class name="scipts.Testcase1">
        <test-method is-config="true" signature="openAPP()[pri:0, instance:scipts.Testcase1@3fb1549b]" started-at="2022-07-25T12:47:25 IST" name="openAPP" finished-at="2022-07-25T12:47:33 IST" duration-ms="7919" status="PASS">
          <reporter-output>
          </reporter-output>
        </test-method> <!-- openAPP -->
        <test-method signature="tc1()[pri:0, instance:scipts.Testcase1@3fb1549b]" started-at="2022-07-25T12:47:33 IST" name="tc1" finished-at="2022-07-25T12:47:38 IST" duration-ms="5583" status="PASS">
          <reporter-output>
          </reporter-output>
        </test-method> <!-- tc1 -->
        <test-method is-config="true" signature="closeApp(org.testng.ITestResult)[pri:0, instance:scipts.Testcase1@3fb1549b]" started-at="2022-07-25T12:47:38 IST" name="closeApp" finished-at="2022-07-25T12:47:39 IST" duration-ms="521" status="PASS">
          <params>
            <param index="0">
              <value>
                <![CDATA[[TestResult name=tc1 status=SUCCESS method=Testcase1.tc1()[pri:0, instance:scipts.Testcase1@3fb1549b] output={null}]]]>
              </value>
            </param>
          </params>
          <reporter-output>
          </reporter-output>
        </test-method> <!-- closeApp -->
      </class> <!-- scipts.Testcase1 -->
      <class name="scipts.Testcase3">
        <test-method is-config="true" signature="openAPP()[pri:0, instance:scipts.Testcase3@2fb3536e]" started-at="2022-07-25T12:47:39 IST" name="openAPP" finished-at="2022-07-25T12:47:42 IST" duration-ms="3303" status="PASS">
          <reporter-output>
          </reporter-output>
        </test-method> <!-- openAPP -->
        <test-method signature="tc3()[pri:0, instance:scipts.Testcase3@2fb3536e]" started-at="2022-07-25T12:47:42 IST" name="tc3" finished-at="2022-07-25T12:47:59 IST" duration-ms="17181" status="PASS">
          <reporter-output>
          </reporter-output>
        </test-method> <!-- tc3 -->
        <test-method is-config="true" signature="closeApp(org.testng.ITestResult)[pri:0, instance:scipts.Testcase3@2fb3536e]" started-at="2022-07-25T12:47:59 IST" name="closeApp" finished-at="2022-07-25T12:48:00 IST" duration-ms="542" status="PASS">
          <params>
            <param index="0">
              <value>
                <![CDATA[[TestResult name=tc3 status=SUCCESS method=Testcase3.tc3()[pri:0, instance:scipts.Testcase3@2fb3536e] output={null}]]]>
              </value>
            </param>
          </params>
          <reporter-output>
          </reporter-output>
        </test-method> <!-- closeApp -->
      </class> <!-- scipts.Testcase3 -->
      <class name="scipts.Testcase2">
        <test-method is-config="true" signature="openAPP()[pri:0, instance:scipts.Testcase2@169e6180]" started-at="2022-07-25T12:48:00 IST" name="openAPP" finished-at="2022-07-25T12:48:03 IST" duration-ms="3383" status="PASS">
          <reporter-output>
          </reporter-output>
        </test-method> <!-- openAPP -->
        <test-method signature="tc2()[pri:0, instance:scipts.Testcase2@169e6180]" started-at="2022-07-25T12:48:03 IST" name="tc2" finished-at="2022-07-25T12:48:11 IST" duration-ms="7691" status="PASS">
          <reporter-output>
          </reporter-output>
        </test-method> <!-- tc2 -->
        <test-method is-config="true" signature="closeApp(org.testng.ITestResult)[pri:0, instance:scipts.Testcase2@169e6180]" started-at="2022-07-25T12:48:11 IST" name="closeApp" finished-at="2022-07-25T12:48:11 IST" duration-ms="355" status="PASS">
          <params>
            <param index="0">
              <value>
                <![CDATA[[TestResult name=tc2 status=SUCCESS method=Testcase2.tc2()[pri:0, instance:scipts.Testcase2@169e6180] output={null}]]]>
              </value>
            </param>
          </params>
          <reporter-output>
          </reporter-output>
        </test-method> <!-- closeApp -->
      </class> <!-- scipts.Testcase2 -->
    </test> <!-- Test -->
  </suite> <!-- Suite -->
</testng-results>
